<?xml version="1.0" encoding="UTF-8"?>
<testsuite xmlns:xsi="http://www.w3.org/2001/XMLSchema-instance" xsi:noNamespaceSchemaLocation="https://maven.apache.org/surefire/maven-surefire-plugin/xsd/surefire-test-report-3.0.xsd" version="3.0" name="com.consumesafe.service.ProductServiceIntegrationTest" time="35.879" tests="2" errors="0" skipped="0" failures="0">
  <properties>
[...]
</properties>
  <testcase name="testTunisianAlternativesIntegration" classname="com.consumesafe.service.ProductServiceIntegrationTest" time="2.84">
    <system-out><![CDATA[14:09:19.627 [main] INFO org.springframework.test.context.support.AnnotationConfigContextLoaderUtils -- Could not detect default configuration classes for test class [com.consumesafe.service.ProductServiceIntegrationTest]: ProductServiceIntegrationTest does not declare any static, non-private, non-final, nested classes annotated with @Configuration.
14:09:21.118 [main] INFO org.springframework.boot.test.context.SpringBootTestContextBootstrapper -- Found @SpringBootConfiguration com.consumesafe.ConsumeSafeApplication for test class com.consumesafe.service.ProductServiceIntegrationTest

  .   ____          _            __ _ _
 /\\ / ___'_ __ _ _(_)_ __  __ _ \ \ \ \
( ( )\___ | '_ | '_| | '_ \/ _` | \ \ \ \
 \\/  ___)| |_)| | | | | || (_| |  ) ) ) )
  '  |____| .__|_| |_|_| |_\__, | / / / /
 =========|_|==============|___/=/_/_/_/
 :: Spring Boot ::                (v3.2.0)

2026-01-07T14:09:31.003+01:00  INFO 18396 --- [ConsumeSafe-Test] [           main] c.c.s.ProductServiceIntegrationTest      : Starting ProductServiceIntegrationTest using Java 21.0.8 with PID 18396 (started by khouloud in C:\Users\khouloud\Desktop\ConsumeSafe)
2026-01-07T14:09:31.005+01:00  INFO 18396 --- [ConsumeSafe-Test] [           main] c.c.s.ProductServiceIntegrationTest      : The following 1 profile is active: "test"
2026-01-07T14:09:37.356+01:00  INFO 18396 --- [ConsumeSafe-Test] [           main] .s.d.r.c.RepositoryConfigurationDelegate : Bootstrapping Spring Data JPA repositories in DEFAULT mode.
2026-01-07T14:09:37.890+01:00  INFO 18396 --- [ConsumeSafe-Test] [           main] .s.d.r.c.RepositoryConfigurationDelegate : Finished Spring Data repository scanning in 508 ms. Found 1 JPA repository interface.
2026-01-07T14:09:40.634+01:00  INFO 18396 --- [ConsumeSafe-Test] [           main] o.hibernate.jpa.internal.util.LogHelper  : HHH000204: Processing PersistenceUnitInfo [name: default]
2026-01-07T14:09:40.973+01:00  INFO 18396 --- [ConsumeSafe-Test] [           main] org.hibernate.Version                    : HHH000412: Hibernate ORM core version 6.3.1.Final
2026-01-07T14:09:41.177+01:00  INFO 18396 --- [ConsumeSafe-Test] [           main] o.h.c.internal.RegionFactoryInitiator    : HHH000026: Second-level cache disabled
2026-01-07T14:09:42.246+01:00  INFO 18396 --- [ConsumeSafe-Test] [           main] o.s.o.j.p.SpringPersistenceUnitInfo      : No LoadTimeWeaver setup: ignoring JPA class transformer
2026-01-07T14:09:42.339+01:00  INFO 18396 --- [ConsumeSafe-Test] [           main] com.zaxxer.hikari.HikariDataSource       : HikariPool-1 - Starting...
2026-01-07T14:09:43.802+01:00  INFO 18396 --- [ConsumeSafe-Test] [           main] com.zaxxer.hikari.pool.HikariPool        : HikariPool-1 - Added connection conn0: url=jdbc:h2:mem:test user=SA
2026-01-07T14:09:43.819+01:00  INFO 18396 --- [ConsumeSafe-Test] [           main] com.zaxxer.hikari.HikariDataSource       : HikariPool-1 - Start completed.
2026-01-07T14:09:44.036+01:00  WARN 18396 --- [ConsumeSafe-Test] [           main] org.hibernate.orm.deprecation            : HHH90000025: H2Dialect does not need to be specified explicitly using 'hibernate.dialect' (remove the property setting and it will be selected by default)
2026-01-07T14:09:46.516+01:00  INFO 18396 --- [ConsumeSafe-Test] [           main] o.h.e.t.j.p.i.JtaPlatformInitiator       : HHH000489: No JTA platform available (set 'hibernate.transaction.jta.platform' to enable JTA platform integration)
2026-01-07T14:09:46.601+01:00  INFO 18396 --- [ConsumeSafe-Test] [           main] j.LocalContainerEntityManagerFactoryBean : Initialized JPA EntityManagerFactory for persistence unit 'default'
2026-01-07T14:09:49.251+01:00  WARN 18396 --- [ConsumeSafe-Test] [           main] JpaBaseConfiguration$JpaWebConfiguration : spring.jpa.open-in-view is enabled by default. Therefore, database queries may be performed during view rendering. Explicitly configure spring.jpa.open-in-view to disable this warning
2026-01-07T14:09:51.147+01:00  INFO 18396 --- [ConsumeSafe-Test] [           main] c.c.s.ProductServiceIntegrationTest      : Started ProductServiceIntegrationTest in 25.439 seconds (process running for 37.919)
]]></system-out>
    <system-err><![CDATA[WARNING: A Java agent has been loaded dynamically (C:\Users\khouloud\.m2\repository\net\bytebuddy\byte-buddy-agent\1.14.10\byte-buddy-agent-1.14.10.jar)
WARNING: If a serviceability tool is in use, please run with -XX:+EnableDynamicAgentLoading to hide this warning
WARNING: If a serviceability tool is not in use, please run with -Djdk.instrument.traceUsage for more information
WARNING: Dynamic loading of agents will be disallowed by default in a future release
]]></system-err>
  </testcase>
  <testcase name="testSaveAndRetrieveProduct" classname="com.consumesafe.service.ProductServiceIntegrationTest" time="0.074">
    <system-out><![CDATA[2026-01-07T14:09:54.072+01:00  INFO 18396 --- [ConsumeSafe-Test] [           main] com.consumesafe.service.ProductService   : Saving product: Integration Test Product
]]></system-out>
  </testcase>
</testsuite>